{
    "testcase": {
        "section": "A.3",
        "description": "Tests valid syntax with filenames/command names containing special characters permitted by the grammar.",
        "cmds": [
            {
                "expect_exit": false,
                "cmd": "/usr/bin/gcc-11 src/main.o -o a.out",
                "sequential_outputs": [],
                "nonsequential_outputs": [
                    {
                        "text": "Invalid Syntax!",
                        "is_re": false,
                        "negative_match": true
                    }
                ],
                "ignore_output": false,
                "cwd_after": null
            }
        ],
        "timeout": 2.0,
        "strict_prompt": false,
        "requires_test_folder": false
    },
    "events": [
        {
            "time": "2025-11-20T01:55:21.918957+05:30",
            "type": "output",
            "details": "<osnuser@osntesting:~> "
        },
        {
            "time": "2025-11-20T01:55:21.919285+05:30",
            "type": "input",
            "details": "GenericCmd(expect_exit=False, cmd='/usr/bin/gcc-11 src/main.o -o a.out', sequential_outputs=[], nonsequential_outputs=[Line(text='Invalid Syntax!', is_re=False, negative_match=True)], ignore_output=False, cwd_after=None)"
        },
        {
            "time": "2025-11-20T01:55:21.991495+05:30",
            "type": "output",
            "details": "/usr/bin/ld: cannot find src/main.o: No such file or directory"
        },
        {
            "time": "2025-11-20T01:55:21.992825+05:30",
            "type": "output",
            "details": "collect2: error: ld returned 1 exit status"
        },
        {
            "time": "2025-11-20T01:55:21.992931+05:30",
            "type": "output",
            "details": "<osnuser@osntesting:~> "
        }
    ],
    "raw_log": "##### START RAW OUTPUT #####\n<osnuser@osntesting:~> /usr/bin/gcc-11 src/main.o -o a.out\n/usr/bin/ld: cannot find src/main.o: No such file or directory\r\ncollect2: error: ld returned 1 exit status\r\n<osnuser@osntesting:~> ",
    "py_log": "2025-11-20 01:55:20,400 - tester.4167083d-24e0-4306-a1ac-a3cedfd3d440 - INFO - Spawned child:\n    <pexpect.pty_spawn.spawn object at 0x78e516a53b00>\n    command: /usr/bin/docker\n    args: [b'/usr/bin/docker', b'run', b'--name', b'tester_289a1525957a4c6fa286b8dba7e679ff', b'-i', b'-t', b'--rm', b'--init', b'-h', b'osntesting', b'-v', b'/tmp/tmpmban_54l:/app', b'-w', b'/app', b'shell_tester:latest', b'/app/shell.out']\n    buffer (last 100 chars): ''\n    before (last 100 chars): ''\n    after: None\n    match: None\n    match_index: None\n    exitstatus: None\n    flag_eof: False\n    pid: 2851915\n    child_fd: 109\n    closed: False\n    timeout: 2.0\n    delimiter: <class 'pexpect.exceptions.EOF'>\n    logfile: <tester.FlexibleIO object at 0x78f017193040>\n    logfile_read: None\n    logfile_send: None\n    maxread: 2000\n    ignorecase: False\n    searchwindowsize: None\n    delaybeforesend: 0.05\n    delayafterclose: 0.1\n    delayafterterminate: 0.1\n2025-11-20 01:55:21,919 - tester.4167083d-24e0-4306-a1ac-a3cedfd3d440 - DEBUG - Received event:\n    {\n        \"time\": \"2025-11-20T01:55:21.918957+05:30\",\n        \"type\": \"output\",\n        \"details\": \"<osnuser@osntesting:~> \"\n    }\n2025-11-20 01:55:21,919 - tester.4167083d-24e0-4306-a1ac-a3cedfd3d440 - DEBUG - Received event:\n    {\n        \"time\": \"2025-11-20T01:55:21.919285+05:30\",\n        \"type\": \"input\",\n        \"details\": \"GenericCmd(expect_exit=False, cmd='/usr/bin/gcc-11 src/main.o -o a.out', sequential_outputs=[], nonsequential_outputs=[Line(text='Invalid Syntax!', is_re=False, negative_match=True)], ignore_output=False, cwd_after=None)\"\n    }\n2025-11-20 01:55:21,991 - tester.4167083d-24e0-4306-a1ac-a3cedfd3d440 - DEBUG - Received event:\n    {\n        \"time\": \"2025-11-20T01:55:21.991495+05:30\",\n        \"type\": \"output\",\n        \"details\": \"/usr/bin/ld: cannot find src/main.o: No such file or directory\"\n    }\n2025-11-20 01:55:21,992 - tester.4167083d-24e0-4306-a1ac-a3cedfd3d440 - DEBUG - Received event:\n    {\n        \"time\": \"2025-11-20T01:55:21.992825+05:30\",\n        \"type\": \"output\",\n        \"details\": \"collect2: error: ld returned 1 exit status\"\n    }\n2025-11-20 01:55:21,992 - tester.4167083d-24e0-4306-a1ac-a3cedfd3d440 - DEBUG - Received event:\n    {\n        \"time\": \"2025-11-20T01:55:21.992931+05:30\",\n        \"type\": \"output\",\n        \"details\": \"<osnuser@osntesting:~> \"\n    }\n2025-11-20 01:55:22,654 - tester.4167083d-24e0-4306-a1ac-a3cedfd3d440 - INFO - Finished running testcase. Child info at exit:\n    <pexpect.pty_spawn.spawn object at 0x78e516a53b00>\n    command: /usr/bin/docker\n    args: [b'/usr/bin/docker', b'run', b'--name', b'tester_289a1525957a4c6fa286b8dba7e679ff', b'-i', b'-t', b'--rm', b'--init', b'-h', b'osntesting', b'-v', b'/tmp/tmpmban_54l:/app', b'-w', b'/app', b'shell_tester:latest', b'/app/shell.out']\n    buffer (last 100 chars): ''\n    before (last 100 chars): ''\n    after: '<osnuser@osntesting:~> '\n    match: <re.Match object; span=(0, 23), match='<osnuser@osntesting:~> '>\n    match_index: 0\n    exitstatus: None\n    flag_eof: False\n    pid: 2851915\n    child_fd: -1\n    closed: True\n    timeout: 2.0\n    delimiter: <class 'pexpect.exceptions.EOF'>\n    logfile: <tester.FlexibleIO object at 0x78f017193040>\n    logfile_read: None\n    logfile_send: None\n    maxread: 2000\n    ignorecase: False\n    searchwindowsize: None\n    delaybeforesend: 0.05\n    delayafterclose: 0.1\n    delayafterterminate: 0.1\n2025-11-20 01:55:22,654 - tester.4167083d-24e0-4306-a1ac-a3cedfd3d440 - INFO - Cleaned up temp_dir: /tmp/tmpmban_54l\n"
}